<?xml version="1.0" encoding="UTF-8"?>
<!-- Generated by org.testng.reporters.JUnitXMLReporter -->
<testsuite ignored="0" hostname="Dell-PC" failures="0" tests="3" name="Default test" time="68.568" errors="0" timestamp="07 Sep 2020 09:30:31 GMT">
  <testcase classname="com.datadriven.test.ReadExcelDataConfiglogin" name="logintowordpress" time="9.968"/>
  <testcase classname="com.datadriven.test.ReadExcelDataConfiglogin" name="logintowordpress" time="11.812"/>
  <testcase classname="com.datadriven.test.ReadExcelDataConfiglogin" name="logintowordpress" time="26.893"/>
</testsuite> <!-- Default test -->
