<?xml version="1.0" encoding="UTF-8"?>
<testng-results ignored="0" total="3" passed="3" failed="0" skipped="0">
  <reporter-output>
  </reporter-output>
  <suite started-at="2020-09-07T09:29:22Z" name="Default suite" finished-at="2020-09-07T09:30:31Z" duration-ms="68568">
    <groups>
    </groups>
    <test started-at="2020-09-07T09:29:22Z" name="Default test" finished-at="2020-09-07T09:30:31Z" duration-ms="68568">
      <class name="com.datadriven.test.ReadExcelDataConfiglogin">
        <test-method is-config="true" signature="setup()[pri:0, instance:com.datadriven.test.ReadExcelDataConfiglogin@7f8a9499]" started-at="2020-09-07T14:59:22Z" name="setup" finished-at="2020-09-07T14:59:39Z" duration-ms="16803" status="PASS">
          <reporter-output>
          </reporter-output>
        </test-method> <!-- setup -->
        <test-method signature="logintowordpress(java.lang.String, java.lang.String)[pri:0, instance:com.datadriven.test.ReadExcelDataConfiglogin@7f8a9499]" started-at="2020-09-07T14:59:41Z" name="logintowordpress" data-provider="wordpressdata" finished-at="2020-09-07T14:59:51Z" duration-ms="9968" status="PASS">
          <params>
            <param index="0">
              <value>
                <![CDATA[admin]]>
              </value>
            </param>
            <param index="1">
              <value>
                <![CDATA[demo1]]>
              </value>
            </param>
          </params>
          <reporter-output>
          </reporter-output>
        </test-method> <!-- logintowordpress -->
        <test-method signature="logintowordpress(java.lang.String, java.lang.String)[pri:0, instance:com.datadriven.test.ReadExcelDataConfiglogin@7f8a9499]" started-at="2020-09-07T14:59:51Z" name="logintowordpress" data-provider="wordpressdata" finished-at="2020-09-07T15:00:02Z" duration-ms="11812" status="PASS">
          <params>
            <param index="0">
              <value>
                <![CDATA[admin]]>
              </value>
            </param>
            <param index="1">
              <value>
                <![CDATA[demo123]]>
              </value>
            </param>
          </params>
          <reporter-output>
          </reporter-output>
        </test-method> <!-- logintowordpress -->
        <test-method signature="logintowordpress(java.lang.String, java.lang.String)[pri:0, instance:com.datadriven.test.ReadExcelDataConfiglogin@7f8a9499]" started-at="2020-09-07T15:00:02Z" name="logintowordpress" data-provider="wordpressdata" finished-at="2020-09-07T15:00:29Z" duration-ms="26893" status="PASS">
          <params>
            <param index="0">
              <value>
                <![CDATA[admin]]>
              </value>
            </param>
            <param index="1">
              <value>
                <![CDATA[demo1234]]>
              </value>
            </param>
          </params>
          <reporter-output>
          </reporter-output>
        </test-method> <!-- logintowordpress -->
        <test-method is-config="true" signature="teardown()[pri:0, instance:com.datadriven.test.ReadExcelDataConfiglogin@7f8a9499]" started-at="2020-09-07T15:00:29Z" name="teardown" finished-at="2020-09-07T15:00:31Z" duration-ms="1221" status="PASS">
          <reporter-output>
          </reporter-output>
        </test-method> <!-- teardown -->
      </class> <!-- com.datadriven.test.ReadExcelDataConfiglogin -->
    </test> <!-- Default test -->
  </suite> <!-- Default suite -->
</testng-results>
